DEBUG:urllib3.connectionpool:Starting new HTTPS connection (1): animesonline.nz:443
DEBUG:urllib3.connectionpool:https://animesonline.nz:443 "GET /?s=mushoku+tensei HTTP/1.1" 200 None
DEBUG:urllib3.connectionpool:Starting new HTTPS connection (1): animesonline.nz:443
DEBUG:urllib3.connectionpool:https://animesonline.nz:443 "GET /animes/mushoku-tensei-ii-isekai-ittara-honki-dasu-part-2/ HTTP/1.1" 200 None
DEBUG:urllib3.connectionpool:Starting new HTTPS connection (1): animesonline.nz:443
DEBUG:urllib3.connectionpool:https://animesonline.nz:443 "GET /episodio/mushoku-tensei-ii-isekai-ittara-honki-dasu-part-2-episodio-1/ HTTP/1.1" 200 None
DEBUG:urllib3.connectionpool:Starting new HTTPS connection (1): csst.online:443
DEBUG:urllib3.connectionpool:https://csst.online:443 "GET /embed/776966 HTTP/1.1" 301 None
DEBUG:urllib3.connectionpool:Starting new HTTPS connection (1): secvideo1.online:443
DEBUG:urllib3.connectionpool:https://secvideo1.online:443 "GET /embed/776966 HTTP/1.1" 200 None
DEBUG:urllib3.connectionpool:Starting new HTTPS connection (1): animesonline.nz:443
DEBUG:urllib3.connectionpool:https://animesonline.nz:443 "GET /episodio/mushoku-tensei-ii-isekai-ittara-honki-dasu-part-2-episodio-2/ HTTP/1.1" 200 None
DEBUG:urllib3.connectionpool:Starting new HTTPS connection (1): csst.online:443
DEBUG:urllib3.connectionpool:https://csst.online:443 "GET /embed/778673 HTTP/1.1" 301 None
DEBUG:urllib3.connectionpool:Starting new HTTPS connection (1): secvideo1.online:443
DEBUG:urllib3.connectionpool:https://secvideo1.online:443 "GET /embed/778673 HTTP/1.1" 200 None
DEBUG:urllib3.connectionpool:Starting new HTTPS connection (1): animesonline.nz:443
DEBUG:urllib3.connectionpool:https://animesonline.nz:443 "GET /episodio/mushoku-tensei-ii-isekai-ittara-honki-dasu-part-2-episodio-3/ HTTP/1.1" 200 None
DEBUG:urllib3.connectionpool:Starting new HTTPS connection (1): csst.online:443
DEBUG:urllib3.connectionpool:https://csst.online:443 "GET /embed/780432 HTTP/1.1" 301 None
DEBUG:urllib3.connectionpool:Starting new HTTPS connection (1): secvideo1.online:443
DEBUG:urllib3.connectionpool:https://secvideo1.online:443 "GET /embed/780432 HTTP/1.1" 200 None
DEBUG:urllib3.connectionpool:Starting new HTTPS connection (1): animesonline.nz:443
DEBUG:urllib3.connectionpool:https://animesonline.nz:443 "GET /episodio/mushoku-tensei-ii-isekai-ittara-honki-dasu-part-2-episodio-4/ HTTP/1.1" 200 None
DEBUG:urllib3.connectionpool:Starting new HTTPS connection (1): csst.online:443
DEBUG:urllib3.connectionpool:https://csst.online:443 "GET /embed/781929 HTTP/1.1" 301 None
DEBUG:urllib3.connectionpool:Starting new HTTPS connection (1): secvideo1.online:443
DEBUG:urllib3.connectionpool:https://secvideo1.online:443 "GET /embed/781929 HTTP/1.1" 200 None
DEBUG:urllib3.connectionpool:Starting new HTTPS connection (1): animesonline.nz:443
DEBUG:urllib3.connectionpool:https://animesonline.nz:443 "GET /episodio/mushoku-tensei-ii-isekai-ittara-honki-dasu-part-2-episodio-5/ HTTP/1.1" 200 None
DEBUG:urllib3.connectionpool:Starting new HTTPS connection (1): csst.online:443
DEBUG:urllib3.connectionpool:https://csst.online:443 "GET /embed/783683/ HTTP/1.1" 301 None
DEBUG:urllib3.connectionpool:Starting new HTTPS connection (1): secvideo1.online:443
DEBUG:urllib3.connectionpool:https://secvideo1.online:443 "GET /embed/783683/ HTTP/1.1" 200 None
DEBUG:urllib3.connectionpool:Starting new HTTPS connection (1): animesonline.nz:443
DEBUG:urllib3.connectionpool:https://animesonline.nz:443 "GET /episodio/mushoku-tensei-ii-isekai-ittara-honki-dasu-part-2-episodio-6/ HTTP/1.1" 200 None
DEBUG:urllib3.connectionpool:Starting new HTTPS connection (1): csst.online:443
DEBUG:urllib3.connectionpool:https://csst.online:443 "GET /embed/785972 HTTP/1.1" 301 None
DEBUG:urllib3.connectionpool:Starting new HTTPS connection (1): secvideo1.online:443
DEBUG:urllib3.connectionpool:https://secvideo1.online:443 "GET /embed/785972 HTTP/1.1" 200 None
DEBUG:urllib3.connectionpool:Starting new HTTPS connection (1): animesonline.nz:443
DEBUG:urllib3.connectionpool:https://animesonline.nz:443 "GET /episodio/mushoku-tensei-ii-isekai-ittara-honki-dasu-part-2-episodio-7/ HTTP/1.1" 200 None
DEBUG:urllib3.connectionpool:Starting new HTTPS connection (1): csst.online:443
DEBUG:urllib3.connectionpool:https://csst.online:443 "GET /embed/788909/ HTTP/1.1" 301 None
DEBUG:urllib3.connectionpool:Starting new HTTPS connection (1): secvideo1.online:443
DEBUG:urllib3.connectionpool:https://secvideo1.online:443 "GET /embed/788909/ HTTP/1.1" 200 None
DEBUG:urllib3.connectionpool:Starting new HTTPS connection (1): www.secvideo1.online:443
DEBUG:urllib3.connectionpool:https://www.secvideo1.online:443 "GET /get_file/10/d6cae70c1dac1e913a6da00352be6d3b2921221a64/788000/788909/788909.mp4 HTTP/1.1" 302 0
DEBUG:urllib3.connectionpool:Starting new HTTPS connection (1): f10.sstrge.online:443
DEBUG:urllib3.connectionpool:https://f10.sstrge.online:443 "GET /remote_control.php?time=1717013611&cv=c58eb18fab56485191cc1f4023ff1cb2&lr=0&cv2=52d6c6b4fa5079956cbf0d2cd2f9fe24&file=%2Fvideos%2F788000%2F788909%2F788909.mp4&cv3=2d8ee1a66c0ca6ce75d84c67a50a70e9&cv4=f2b9893cbec3650a7c238866bb176ac6 HTTP/1.1" 200 301319002
